<?xml version="1.0" encoding="UTF-8"?>
<testsuites>
    <testsuite name="force.apex" timestamp="2025-07-23T00:50:37+05:30" hostname="https://creative-otter-8zok7r-dev-ed.trailblaze.my.salesforce.com" tests="1" failures="1"  errors="0"  time="0.14">
        <properties>
            <property name="outcome" value="Failed"/>
            <property name="testsRan" value="1"/>
            <property name="passing" value="0"/>
            <property name="failing" value="1"/>
            <property name="skipped" value="0"/>
            <property name="passRate" value="0%"/>
            <property name="failRate" value="100%"/>
            <property name="testStartTime" value="Jul 23, 2025 12:50 AM"/>
            <property name="testExecutionTime" value="0.14 s"/>
            <property name="testTotalTime" value="0.14 s"/>
            <property name="commandTime" value="11.51 s"/>
            <property name="hostname" value="https://creative-otter-8zok7r-dev-ed.trailblaze.my.salesforce.com"/>
            <property name="orgId" value="00DdM00000SpgbPUAR"/>
            <property name="username" value="ojasjayant13@creative-otter-8zok7r.com"/>
            <property name="testRunId" value="707dM00000hwILl"/>
            <property name="userId" value="005dM00000He3wfQAB"/>
        </properties>
        <testcase name="testBookingStatusUpdate" classname="UpdateBookingStatusTest" time="0.14">
            <failure message="System.DmlException: Insert failed. First exception on row 0; first error: INVALID_OR_NULL_FOR_RESTRICTED_PICKLIST, Manufacturer: bad value for restricted picklist field: TestCo: [Manufacturer__c]"><![CDATA[Class.UpdateBookingStatusTest.testBookingStatusUpdate: line 16, column 1]]></failure>
        </testcase>
    </testsuite>
</testsuites>
